#
# A fatal error has been detected by the Java Runtime Environment:
#
#  EXCEPTION_ACCESS_VIOLATION (0xc0000005) at pc=0x00007fffc7255e16, pid=10980, tid=12472
#
# JRE version: Java(TM) SE Runtime Environment (13.0.2+8) (build 13.0.2+8)
# Java VM: Java HotSpot(TM) 64-Bit Server VM (13.0.2+8, mixed mode, sharing, tiered, compressed oops, g1 gc, windows-amd64)
# Problematic frame:
# C  [ntdll.dll+0x45e16]
#
# No core dump will be written. Minidumps are not enabled by default on client versions of Windows
#
# If you would like to submit a bug report, please visit:
#   http://bugreport.java.com/bugreport/crash.jsp
# The crash happened outside the Java Virtual Machine in native code.
# See problematic frame for where to report the bug.
#

---------------  S U M M A R Y ------------

Command Line: -Dfile.encoding=Cp1252 --module-path=C:\Users\alanb\eclipse-workspace\game0132\bin -Djdk.module.main=game0132 game0132/com.abstudios.main.Game

Host: AMD Ryzen 5 2600 Six-Core Processor            , 12 cores, 15G,  Windows 10 , 64 bit Build 19041 (10.0.19041.292)
Time: Wed Jul  1 21:39:29 2020 Hora oficial do Brasil elapsed time: 2 seconds (0d 0h 0m 2s)

---------------  T H R E A D  ---------------

Current thread (0x0000023243ca9800):  JavaThread "Thread-0" [_thread_in_native, id=12472, stack(0x0000004e14420000,0x0000004e14520000)]

Stack: [0x0000004e14420000,0x0000004e14520000],  sp=0x0000004e1451e870,  free space=1018k
Native frames: (J=compiled Java code, j=interpreted, Vv=VM code, C=native code)
C  [ntdll.dll+0x45e16]
C  [ntdll.dll+0x215b4]
C  [ntdll.dll+0x213e2]
C  0x00007fffb3f0e6ac

Java frames: (J=compiled Java code, j=interpreted, Vv=VM code)
j  sun.java2d.d3d.D3DSurfaceData.initOps(III)V+0 java.desktop@13.0.2
j  sun.java2d.d3d.D3DSurfaceData.<init>(Lsun/awt/windows/WComponentPeer;Lsun/java2d/d3d/D3DGraphicsConfig;IILjava/awt/Image;Ljava/awt/image/ColorModel;IILsun/java2d/pipe/hw/ExtendedBufferCapabilities$VSyncType;I)V+212 java.desktop@13.0.2
j  sun.java2d.d3d.D3DSurfaceData.createData(Lsun/awt/windows/WComponentPeer;Ljava/awt/Image;)Lsun/java2d/d3d/D3DSurfaceData;+117 java.desktop@13.0.2
j  sun.java2d.d3d.D3DVolatileSurfaceManager.initAcceleratedSurface()Lsun/java2d/SurfaceData;+68 java.desktop@13.0.2
j  sun.java2d.d3d.D3DVolatileSurfaceManager.restoreAcceleratedSurface()V+49 java.desktop@13.0.2
j  sun.awt.image.VolatileSurfaceManager.validate(Ljava/awt/GraphicsConfiguration;)I+94 java.desktop@13.0.2
j  sun.awt.image.SunVolatileImage.validate(Ljava/awt/GraphicsConfiguration;)I+5 java.desktop@13.0.2
j  java.awt.Component$FlipBufferStrategy.revalidate()V+85 java.desktop@13.0.2
j  java.awt.Component$FlipBufferStrategy.getDrawGraphics()Ljava/awt/Graphics;+1 java.desktop@13.0.2
j  com.abstudios.main.Game.render()V+96 game0132
J 968% c2 com.abstudios.main.Game.run()V game0132 (136 bytes) @ 0x000002322e65777c [0x000002322e6576a0+0x00000000000000dc]
j  java.lang.Thread.run()V+11 java.base@13.0.2
v  ~StubRoutines::call_stub

siginfo: EXCEPTION_ACCESS_VIOLATION (0xc0000005), writing address 0x0000000000000024


Register to memory mapping:

RIP=0x00007fffc7255e16 ntdll.dll
RAX=0x0 is NULL
RBX=0x0000023243c42d28 points into unknown readable memory: 00 00 00 00 00 00 00 00
RCX=0x0000023243c42d28 points into unknown readable memory: 00 00 00 00 00 00 00 00
RDX=0x00000000fffffffa is an unknown value
RSP=0x0000004e1451e870 is pointing into the stack for thread: 0x0000023243ca9800
RBP=0x0000000000010000 is an unknown value
RSI=0x0 is NULL
RDI=0x0 is NULL
R8 =0x0 is NULL
R9 =0x0000023243c42d00 points into unknown readable memory: a0 39 0f 44 32 02 00 00
R10=0x0001e9da80f8c0fb is an unknown value
R11=0x0001e9da80f8bf85 is an unknown value
R12=0x0 is NULL
R13=0x0000004e127ce000 points into unknown readable memory: 00 00 00 00 00 00 00 00
R14=0x0000000000000001 is an unknown value
R15=0x0 is NULL


Registers:
RAX=0x0000000000000000, RBX=0x0000023243c42d28, RCX=0x0000023243c42d28, RDX=0x00000000fffffffa
RSP=0x0000004e1451e870, RBP=0x0000000000010000, RSI=0x0000000000000000, RDI=0x0000000000000000
R8 =0x0000000000000000, R9 =0x0000023243c42d00, R10=0x0001e9da80f8c0fb, R11=0x0001e9da80f8bf85
R12=0x0000000000000000, R13=0x0000004e127ce000, R14=0x0000000000000001, R15=0x0000000000000000
RIP=0x00007fffc7255e16, EFLAGS=0x0000000000010213

Top of Stack: (sp=0x0000004e1451e870)
0x0000004e1451e870:   ffffffffffffffff 0000023243c42d28
0x0000004e1451e880:   0000000000000000 0000004e1451e838
0x0000004e1451e890:   0000004e1451e879 0000000800000005
0x0000004e1451e8a0:   0000000000000000 0000000000000000
0x0000004e1451e8b0:   0000ef0a5f7daf00 00000000fffffffa
0x0000004e1451e8c0:   0000004e127ce000 0000000000000000
0x0000004e1451e8d0:   0000023243375c30 0000000000000000
0x0000004e1451e8e0:   0000023243ca9800 00007fff82e2d500
0x0000004e1451e8f0:   0000023243ca9b10 00007fff7820f359
0x0000004e1451e900:   0000a376a7436f3a 0000023200000000
0x0000004e1451e910:   0000023243ca9800 0000000000000001
0x0000004e1451e920:   0000000000000001 0000000000000001
0x0000004e1451e930:   0000000000000000 0000023243c42d28
0x0000004e1451e940:   0000000000010000 00007fffc72315b4
0x0000004e1451e950:   00007fff1451e2c0 0000023243ca9800
0x0000004e1451e960:   00000000fffffffa 00007fff0000000c 

Instructions: (pc=0x00007fffc7255e16)
0x00007fffc7255d16:   00 48 8b 50 18 80 7a 48 00 75 0b 33 d2 48 83 c4
0x00007fffc7255d26:   28 e9 9c f5 ff ff e8 eb ae 0c 00 b8 0d 00 00 c0
0x00007fffc7255d36:   48 83 c4 28 c3 cc cc cc cc cc cc cc cc cc cc cc
0x00007fffc7255d46:   cc cc cc cc cc cc cc cc cc cc 48 83 ec 38 8b 05
0x00007fffc7255d56:   d2 1d 12 00 89 44 24 20 e8 41 02 00 00 48 83 c4
0x00007fffc7255d66:   38 c3 cc cc cc cc cc cc cc cc 48 89 5c 24 18 55
0x00007fffc7255d76:   56 57 41 54 41 55 41 56 41 57 48 81 ec a0 00 00
0x00007fffc7255d86:   00 48 8b 05 62 b7 13 00 48 33 c4 48 89 84 24 90
0x00007fffc7255d96:   00 00 00 65 4c 8b 2c 25 30 00 00 00 48 8d 05 4f
0x00007fffc7255da6:   d7 11 00 40 32 ed 89 54 24 48 33 f6 40 88 6c 24
0x00007fffc7255db6:   40 4c 89 6c 24 50 48 8b d9 44 8b e6 48 3b c8 0f
0x00007fffc7255dc6:   84 39 01 00 00 40 38 35 36 37 12 00 0f 85 a8 01
0x00007fffc7255dd6:   00 00 39 35 4a 37 12 00 0f 85 6a 01 00 00 40 38
0x00007fffc7255de6:   35 0d 32 12 00 48 8d 3d 0e 32 12 00 48 0f 45 fe
0x00007fffc7255df6:   48 39 73 18 0f 84 d2 00 00 00 48 8b 03 48 83 f8
0x00007fffc7255e06:   ff 0f 84 d2 00 00 00 44 8b fe 48 83 f8 ff 74 03
0x00007fffc7255e16:   ff 40 24 4c 8b 73 18 4c 8d 2d d4 d6 11 00 bd 22
0x00007fffc7255e26:   17 00 00 e8 92 ff fc ff 85 c0 0f 85 0e 08 07 00
0x00007fffc7255e36:   b9 82 03 fe 7f 80 39 00 0f 85 1c 08 07 00 49 83
0x00007fffc7255e46:   fe ff 0f 85 aa 08 07 00 4c 8b cf c7 44 24 20 00
0x00007fffc7255e56:   00 00 00 41 b8 04 00 00 00 48 8d 54 24 48 48 8d
0x00007fffc7255e66:   4b 08 e8 37 01 00 00 3d 02 01 00 00 0f 84 93 08
0x00007fffc7255e76:   07 00 8b 4b 08 89 4c 24 48 f6 c1 02 75 ca 3d 02
0x00007fffc7255e86:   01 00 00 0f 84 7c 08 07 00 0f b6 6c 24 40 4c 8b
0x00007fffc7255e96:   6c 24 50 85 c0 0f 88 c8 09 07 00 40 84 ed 75 73
0x00007fffc7255ea6:   48 8b 8c 24 90 00 00 00 48 33 cc e8 9a 52 04 00
0x00007fffc7255eb6:   48 8b 9c 24 f0 00 00 00 48 81 c4 a0 00 00 00 41
0x00007fffc7255ec6:   5f 41 5e 41 5d 41 5c 5f 5e 5d c3 cc 48 8b cb e8
0x00007fffc7255ed6:   76 05 00 00 e9 21 ff ff ff 8b 4b 20 48 c7 c0 ff
0x00007fffc7255ee6:   ff ff ff 48 0f ba e1 18 0f 82 19 ff ff ff 48 8b
0x00007fffc7255ef6:   cb e8 74 57 fc ff 48 8b 03 e9 09 ff ff ff c6 44
0x00007fffc7255f06:   24 40 01 41 c7 85 60 17 00 00 01 00 00 00 e9 b2 


Stack slot to memory mapping:
stack at sp + 0 slots: 0xffffffffffffffff is an unknown value
stack at sp + 1 slots: 0x0000023243c42d28 points into unknown readable memory: 00 00 00 00 00 00 00 00
stack at sp + 2 slots: 0x0 is NULL
stack at sp + 3 slots: 0x0000004e1451e838 is pointing into the stack for thread: 0x0000023243ca9800
stack at sp + 4 slots: 0x0000004e1451e879 is pointing into the stack for thread: 0x0000023243ca9800
stack at sp + 5 slots: 0x0000000800000005 is pointing into metadata
stack at sp + 6 slots: 0x0 is NULL
stack at sp + 7 slots: 0x0 is NULL


---------------  P R O C E S S  ---------------

Threads class SMR info:
_java_thread_list=0x00000232440efb50, length=15, elements={
0x0000023242e4c000, 0x0000023242e4f000, 0x0000023242e6d000, 0x00000232436f2000,
0x00000232436f3800, 0x0000023243702000, 0x0000023243705800, 0x0000023243803800,
0x000002324389c000, 0x0000023243a67800, 0x0000023243c35000, 0x00000232440b5000,
0x0000023243ca9800, 0x000002321e627000, 0x00000232441d1800
}

Java Threads: ( => current thread )
  0x0000023242e4c000 JavaThread "Reference Handler" daemon [_thread_blocked, id=16460, stack(0x0000004e13200000,0x0000004e13300000)]
  0x0000023242e4f000 JavaThread "Finalizer" daemon [_thread_blocked, id=20572, stack(0x0000004e13300000,0x0000004e13400000)]
  0x0000023242e6d000 JavaThread "Signal Dispatcher" daemon [_thread_blocked, id=19392, stack(0x0000004e13400000,0x0000004e13500000)]
  0x00000232436f2000 JavaThread "Attach Listener" daemon [_thread_blocked, id=13996, stack(0x0000004e13500000,0x0000004e13600000)]
  0x00000232436f3800 JavaThread "C2 CompilerThread0" daemon [_thread_blocked, id=16264, stack(0x0000004e13600000,0x0000004e13700000)]
  0x0000023243702000 JavaThread "C1 CompilerThread0" daemon [_thread_blocked, id=21152, stack(0x0000004e13700000,0x0000004e13800000)]
  0x0000023243705800 JavaThread "Sweeper thread" daemon [_thread_blocked, id=2204, stack(0x0000004e13800000,0x0000004e13900000)]
  0x0000023243803800 JavaThread "Common-Cleaner" daemon [_thread_blocked, id=17752, stack(0x0000004e13900000,0x0000004e13a00000)]
  0x000002324389c000 JavaThread "Service Thread" daemon [_thread_blocked, id=16596, stack(0x0000004e13a00000,0x0000004e13b00000)]
  0x0000023243a67800 JavaThread "Java2D Disposer" daemon [_thread_blocked, id=6428, stack(0x0000004e13c00000,0x0000004e13d00000)]
  0x0000023243c35000 JavaThread "AWT-Shutdown" [_thread_blocked, id=11584, stack(0x0000004e13d00000,0x0000004e13e00000)]
  0x00000232440b5000 JavaThread "AWT-EventQueue-0" [_thread_blocked, id=12880, stack(0x0000004e14110000,0x0000004e14210000)]
=>0x0000023243ca9800 JavaThread "Thread-0" [_thread_in_native, id=12472, stack(0x0000004e14420000,0x0000004e14520000)]
  0x000002321e627000 JavaThread "DestroyJavaVM" [_thread_blocked, id=13436, stack(0x0000004e12b00000,0x0000004e12c00000)]
  0x00000232441d1800 JavaThread "ToolkitShutdown" daemon [_thread_in_native, id=2156, stack(0x0000004e14620000,0x0000004e14720000)]

Other Threads:
  0x0000023242e4b000 VMThread "VM Thread" [stack: 0x0000004e13100000,0x0000004e13200000] [id=656]
  0x00000232438b9800 WatcherThread [stack: 0x0000004e13b00000,0x0000004e13c00000] [id=19328]
  0x000002321e694800 GCTaskThread "GC Thread#0" [stack: 0x0000004e12c00000,0x0000004e12d00000] [id=11656]
  0x000002321e6b6800 ConcurrentGCThread "G1 Main Marker" [stack: 0x0000004e12d00000,0x0000004e12e00000] [id=15876]
  0x000002321e6b9800 ConcurrentGCThread "G1 Conc#0" [stack: 0x0000004e12e00000,0x0000004e12f00000] [id=4924]
  0x0000023242d43800 ConcurrentGCThread "G1 Refine#0" [stack: 0x0000004e12f00000,0x0000004e13000000] [id=15312]
  0x0000023242d47000 ConcurrentGCThread "G1 Young RemSet Sampling" [stack: 0x0000004e13000000,0x0000004e13100000] [id=14476]

Threads with active compile tasks:

VM state:not at safepoint (normal execution)

VM Mutex/Monitor currently owned by a thread: None

Heap address: 0x0000000700c00000, size: 4084 MB, Compressed Oops mode: Zero based, Oop shift amount: 3
Narrow klass base: 0x0000000800000000, Narrow klass shift: 3
Compressed class space size: 1073741824 Address: 0x0000000800b40000

Heap:
 garbage-first heap   total 262144K, used 8192K [0x0000000700c00000, 0x0000000800000000)
  region size 1024K, 9 young (9216K), 0 survivors (0K)
 Metaspace       used 7956K, capacity 8281K, committed 8448K, reserved 1056768K
  class space    used 855K, capacity 984K, committed 1024K, reserved 1048576K
Heap Regions: E=young(eden), S=young(survivor), O=old, HS=humongous(starts), HC=humongous(continues), CS=collection set, F=free, A=archive, TAMS=top-at-mark-start (previous, next)
|   0|0x0000000700c00000, 0x0000000700c00000, 0x0000000700d00000|  0%| F|  |TAMS 0x0000000700c00000, 0x0000000700c00000| Untracked 
|   1|0x0000000700d00000, 0x0000000700d00000, 0x0000000700e00000|  0%| F|  |TAMS 0x0000000700d00000, 0x0000000700d00000| Untracked 
|   2|0x0000000700e00000, 0x0000000700e00000, 0x0000000700f00000|  0%| F|  |TAMS 0x0000000700e00000, 0x0000000700e00000| Untracked 
|   3|0x0000000700f00000, 0x0000000700f00000, 0x0000000701000000|  0%| F|  |TAMS 0x0000000700f00000, 0x0000000700f00000| Untracked 
|   4|0x0000000701000000, 0x0000000701000000, 0x0000000701100000|  0%| F|  |TAMS 0x0000000701000000, 0x0000000701000000| Untracked 
|   5|0x0000000701100000, 0x0000000701100000, 0x0000000701200000|  0%| F|  |TAMS 0x0000000701100000, 0x0000000701100000| Untracked 
|   6|0x0000000701200000, 0x0000000701200000, 0x0000000701300000|  0%| F|  |TAMS 0x0000000701200000, 0x0000000701200000| Untracked 
|   7|0x0000000701300000, 0x0000000701300000, 0x0000000701400000|  0%| F|  |TAMS 0x0000000701300000, 0x0000000701300000| Untracked 
|   8|0x0000000701400000, 0x0000000701400000, 0x0000000701500000|  0%| F|  |TAMS 0x0000000701400000, 0x0000000701400000| Untracked 
|   9|0x0000000701500000, 0x0000000701500000, 0x0000000701600000|  0%| F|  |TAMS 0x0000000701500000, 0x0000000701500000| Untracked 
|  10|0x0000000701600000, 0x0000000701600000, 0x0000000701700000|  0%| F|  |TAMS 0x0000000701600000, 0x0000000701600000| Untracked 
|  11|0x0000000701700000, 0x0000000701700000, 0x0000000701800000|  0%| F|  |TAMS 0x0000000701700000, 0x0000000701700000| Untracked 
|  12|0x0000000701800000, 0x0000000701800000, 0x0000000701900000|  0%| F|  |TAMS 0x0000000701800000, 0x0000000701800000| Untracked 
|  13|0x0000000701900000, 0x0000000701900000, 0x0000000701a00000|  0%| F|  |TAMS 0x0000000701900000, 0x0000000701900000| Untracked 
|  14|0x0000000701a00000, 0x0000000701a00000, 0x0000000701b00000|  0%| F|  |TAMS 0x0000000701a00000, 0x0000000701a00000| Untracked 
|  15|0x0000000701b00000, 0x0000000701b00000, 0x0000000701c00000|  0%| F|  |TAMS 0x0000000701b00000, 0x0000000701b00000| Untracked 
|  16|0x0000000701c00000, 0x0000000701c00000, 0x0000000701d00000|  0%| F|  |TAMS 0x0000000701c00000, 0x0000000701c00000| Untracked 
|  17|0x0000000701d00000, 0x0000000701d00000, 0x0000000701e00000|  0%| F|  |TAMS 0x0000000701d00000, 0x0000000701d00000| Untracked 
|  18|0x0000000701e00000, 0x0000000701e00000, 0x0000000701f00000|  0%| F|  |TAMS 0x0000000701e00000, 0x0000000701e00000| Untracked 
|  19|0x0000000701f00000, 0x0000000701f00000, 0x0000000702000000|  0%| F|  |TAMS 0x0000000701f00000, 0x0000000701f00000| Untracked 
|  20|0x0000000702000000, 0x0000000702000000, 0x0000000702100000|  0%| F|  |TAMS 0x0000000702000000, 0x0000000702000000| Untracked 
|  21|0x0000000702100000, 0x0000000702100000, 0x0000000702200000|  0%| F|  |TAMS 0x0000000702100000, 0x0000000702100000| Untracked 
|  22|0x0000000702200000, 0x0000000702200000, 0x0000000702300000|  0%| F|  |TAMS 0x0000000702200000, 0x0000000702200000| Untracked 
|  23|0x0000000702300000, 0x0000000702300000, 0x0000000702400000|  0%| F|  |TAMS 0x0000000702300000, 0x0000000702300000| Untracked 
|  24|0x0000000702400000, 0x0000000702400000, 0x0000000702500000|  0%| F|  |TAMS 0x0000000702400000, 0x0000000702400000| Untracked 
|  25|0x0000000702500000, 0x0000000702500000, 0x0000000702600000|  0%| F|  |TAMS 0x0000000702500000, 0x0000000702500000| Untracked 
|  26|0x0000000702600000, 0x0000000702600000, 0x0000000702700000|  0%| F|  |TAMS 0x0000000702600000, 0x0000000702600000| Untracked 
|  27|0x0000000702700000, 0x0000000702700000, 0x0000000702800000|  0%| F|  |TAMS 0x0000000702700000, 0x0000000702700000| Untracked 
|  28|0x0000000702800000, 0x0000000702800000, 0x0000000702900000|  0%| F|  |TAMS 0x0000000702800000, 0x0000000702800000| Untracked 
|  29|0x0000000702900000, 0x0000000702900000, 0x0000000702a00000|  0%| F|  |TAMS 0x0000000702900000, 0x0000000702900000| Untracked 
|  30|0x0000000702a00000, 0x0000000702a00000, 0x0000000702b00000|  0%| F|  |TAMS 0x0000000702a00000, 0x0000000702a00000| Untracked 
|  31|0x0000000702b00000, 0x0000000702b00000, 0x0000000702c00000|  0%| F|  |TAMS 0x0000000702b00000, 0x0000000702b00000| Untracked 
|  32|0x0000000702c00000, 0x0000000702c00000, 0x0000000702d00000|  0%| F|  |TAMS 0x0000000702c00000, 0x0000000702c00000| Untracked 
|  33|0x0000000702d00000, 0x0000000702d00000, 0x0000000702e00000|  0%| F|  |TAMS 0x0000000702d00000, 0x0000000702d00000| Untracked 
|  34|0x0000000702e00000, 0x0000000702e00000, 0x0000000702f00000|  0%| F|  |TAMS 0x0000000702e00000, 0x0000000702e00000| Untracked 
|  35|0x0000000702f00000, 0x0000000702f00000, 0x0000000703000000|  0%| F|  |TAMS 0x0000000702f00000, 0x0000000702f00000| Untracked 
|  36|0x0000000703000000, 0x0000000703000000, 0x0000000703100000|  0%| F|  |TAMS 0x0000000703000000, 0x0000000703000000| Untracked 
|  37|0x0000000703100000, 0x0000000703100000, 0x0000000703200000|  0%| F|  |TAMS 0x0000000703100000, 0x0000000703100000| Untracked 
|  38|0x0000000703200000, 0x0000000703200000, 0x0000000703300000|  0%| F|  |TAMS 0x0000000703200000, 0x0000000703200000| Untracked 
|  39|0x0000000703300000, 0x0000000703300000, 0x0000000703400000|  0%| F|  |TAMS 0x0000000703300000, 0x0000000703300000| Untracked 
|  40|0x0000000703400000, 0x0000000703400000, 0x0000000703500000|  0%| F|  |TAMS 0x0000000703400000, 0x0000000703400000| Untracked 
|  41|0x0000000703500000, 0x0000000703500000, 0x0000000703600000|  0%| F|  |TAMS 0x0000000703500000, 0x0000000703500000| Untracked 
|  42|0x0000000703600000, 0x0000000703600000, 0x0000000703700000|  0%| F|  |TAMS 0x0000000703600000, 0x0000000703600000| Untracked 
|  43|0x0000000703700000, 0x0000000703700000, 0x0000000703800000|  0%| F|  |TAMS 0x0000000703700000, 0x0000000703700000| Untracked 
|  44|0x0000000703800000, 0x0000000703800000, 0x0000000703900000|  0%| F|  |TAMS 0x0000000703800000, 0x0000000703800000| Untracked 
|  45|0x0000000703900000, 0x0000000703900000, 0x0000000703a00000|  0%| F|  |TAMS 0x0000000703900000, 0x0000000703900000| Untracked 
|  46|0x0000000703a00000, 0x0000000703a00000, 0x0000000703b00000|  0%| F|  |TAMS 0x0000000703a00000, 0x0000000703a00000| Untracked 
|  47|0x0000000703b00000, 0x0000000703b00000, 0x0000000703c00000|  0%| F|  |TAMS 0x0000000703b00000, 0x0000000703b00000| Untracked 
|  48|0x0000000703c00000, 0x0000000703c00000, 0x0000000703d00000|  0%| F|  |TAMS 0x0000000703c00000, 0x0000000703c00000| Untracked 
|  49|0x0000000703d00000, 0x0000000703d00000, 0x0000000703e00000|  0%| F|  |TAMS 0x0000000703d00000, 0x0000000703d00000| Untracked 
|  50|0x0000000703e00000, 0x0000000703e00000, 0x0000000703f00000|  0%| F|  |TAMS 0x0000000703e00000, 0x0000000703e00000| Untracked 
|  51|0x0000000703f00000, 0x0000000703f00000, 0x0000000704000000|  0%| F|  |TAMS 0x0000000703f00000, 0x0000000703f00000| Untracked 
|  52|0x0000000704000000, 0x0000000704000000, 0x0000000704100000|  0%| F|  |TAMS 0x0000000704000000, 0x0000000704000000| Untracked 
|  53|0x0000000704100000, 0x0000000704100000, 0x0000000704200000|  0%| F|  |TAMS 0x0000000704100000, 0x0000000704100000| Untracked 
|  54|0x0000000704200000, 0x0000000704200000, 0x0000000704300000|  0%| F|  |TAMS 0x0000000704200000, 0x0000000704200000| Untracked 
|  55|0x0000000704300000, 0x0000000704300000, 0x0000000704400000|  0%| F|  |TAMS 0x0000000704300000, 0x0000000704300000| Untracked 
|  56|0x0000000704400000, 0x0000000704400000, 0x0000000704500000|  0%| F|  |TAMS 0x0000000704400000, 0x0000000704400000| Untracked 
|  57|0x0000000704500000, 0x0000000704500000, 0x0000000704600000|  0%| F|  |TAMS 0x0000000704500000, 0x0000000704500000| Untracked 
|  58|0x0000000704600000, 0x0000000704600000, 0x0000000704700000|  0%| F|  |TAMS 0x0000000704600000, 0x0000000704600000| Untracked 
|  59|0x0000000704700000, 0x0000000704700000, 0x0000000704800000|  0%| F|  |TAMS 0x0000000704700000, 0x0000000704700000| Untracked 
|  60|0x0000000704800000, 0x0000000704800000, 0x0000000704900000|  0%| F|  |TAMS 0x0000000704800000, 0x0000000704800000| Untracked 
|  61|0x0000000704900000, 0x0000000704900000, 0x0000000704a00000|  0%| F|  |TAMS 0x0000000704900000, 0x0000000704900000| Untracked 
|  62|0x0000000704a00000, 0x0000000704a00000, 0x0000000704b00000|  0%| F|  |TAMS 0x0000000704a00000, 0x0000000704a00000| Untracked 
|  63|0x0000000704b00000, 0x0000000704b00000, 0x0000000704c00000|  0%| F|  |TAMS 0x0000000704b00000, 0x0000000704b00000| Untracked 
|  64|0x0000000704c00000, 0x0000000704c00000, 0x0000000704d00000|  0%| F|  |TAMS 0x0000000704c00000, 0x0000000704c00000| Untracked 
|  65|0x0000000704d00000, 0x0000000704d00000, 0x0000000704e00000|  0%| F|  |TAMS 0x0000000704d00000, 0x0000000704d00000| Untracked 
|  66|0x0000000704e00000, 0x0000000704e00000, 0x0000000704f00000|  0%| F|  |TAMS 0x0000000704e00000, 0x0000000704e00000| Untracked 
|  67|0x0000000704f00000, 0x0000000704f00000, 0x0000000705000000|  0%| F|  |TAMS 0x0000000704f00000, 0x0000000704f00000| Untracked 
|  68|0x0000000705000000, 0x0000000705000000, 0x0000000705100000|  0%| F|  |TAMS 0x0000000705000000, 0x0000000705000000| Untracked 
|  69|0x0000000705100000, 0x0000000705100000, 0x0000000705200000|  0%| F|  |TAMS 0x0000000705100000, 0x0000000705100000| Untracked 
|  70|0x0000000705200000, 0x0000000705200000, 0x0000000705300000|  0%| F|  |TAMS 0x0000000705200000, 0x0000000705200000| Untracked 
|  71|0x0000000705300000, 0x0000000705300000, 0x0000000705400000|  0%| F|  |TAMS 0x0000000705300000, 0x0000000705300000| Untracked 
|  72|0x0000000705400000, 0x0000000705400000, 0x0000000705500000|  0%| F|  |TAMS 0x0000000705400000, 0x0000000705400000| Untracked 
|  73|0x0000000705500000, 0x0000000705500000, 0x0000000705600000|  0%| F|  |TAMS 0x0000000705500000, 0x0000000705500000| Untracked 
|  74|0x0000000705600000, 0x0000000705600000, 0x0000000705700000|  0%| F|  |TAMS 0x0000000705600000, 0x0000000705600000| Untracked 
|  75|0x0000000705700000, 0x0000000705700000, 0x0000000705800000|  0%| F|  |TAMS 0x0000000705700000, 0x0000000705700000| Untracked 
|  76|0x0000000705800000, 0x0000000705800000, 0x0000000705900000|  0%| F|  |TAMS 0x0000000705800000, 0x0000000705800000| Untracked 
|  77|0x0000000705900000, 0x0000000705900000, 0x0000000705a00000|  0%| F|  |TAMS 0x0000000705900000, 0x0000000705900000| Untracked 
|  78|0x0000000705a00000, 0x0000000705a00000, 0x0000000705b00000|  0%| F|  |TAMS 0x0000000705a00000, 0x0000000705a00000| Untracked 
|  79|0x0000000705b00000, 0x0000000705b00000, 0x0000000705c00000|  0%| F|  |TAMS 0x0000000705b00000, 0x0000000705b00000| Untracked 
|  80|0x0000000705c00000, 0x0000000705c00000, 0x0000000705d00000|  0%| F|  |TAMS 0x0000000705c00000, 0x0000000705c00000| Untracked 
|  81|0x0000000705d00000, 0x0000000705d00000, 0x0000000705e00000|  0%| F|  |TAMS 0x0000000705d00000, 0x0000000705d00000| Untracked 
|  82|0x0000000705e00000, 0x0000000705e00000, 0x0000000705f00000|  0%| F|  |TAMS 0x0000000705e00000, 0x0000000705e00000| Untracked 
|  83|0x0000000705f00000, 0x0000000705f00000, 0x0000000706000000|  0%| F|  |TAMS 0x0000000705f00000, 0x0000000705f00000| Untracked 
|  84|0x0000000706000000, 0x0000000706000000, 0x0000000706100000|  0%| F|  |TAMS 0x0000000706000000, 0x0000000706000000| Untracked 
|  85|0x0000000706100000, 0x0000000706100000, 0x0000000706200000|  0%| F|  |TAMS 0x0000000706100000, 0x0000000706100000| Untracked 
|  86|0x0000000706200000, 0x0000000706200000, 0x0000000706300000|  0%| F|  |TAMS 0x0000000706200000, 0x0000000706200000| Untracked 
|  87|0x0000000706300000, 0x0000000706300000, 0x0000000706400000|  0%| F|  |TAMS 0x0000000706300000, 0x0000000706300000| Untracked 
|  88|0x0000000706400000, 0x0000000706400000, 0x0000000706500000|  0%| F|  |TAMS 0x0000000706400000, 0x0000000706400000| Untracked 
|  89|0x0000000706500000, 0x0000000706500000, 0x0000000706600000|  0%| F|  |TAMS 0x0000000706500000, 0x0000000706500000| Untracked 
|  90|0x0000000706600000, 0x0000000706600000, 0x0000000706700000|  0%| F|  |TAMS 0x0000000706600000, 0x0000000706600000| Untracked 
|  91|0x0000000706700000, 0x0000000706700000, 0x0000000706800000|  0%| F|  |TAMS 0x0000000706700000, 0x0000000706700000| Untracked 
|  92|0x0000000706800000, 0x0000000706800000, 0x0000000706900000|  0%| F|  |TAMS 0x0000000706800000, 0x0000000706800000| Untracked 
|  93|0x0000000706900000, 0x0000000706900000, 0x0000000706a00000|  0%| F|  |TAMS 0x0000000706900000, 0x0000000706900000| Untracked 
|  94|0x0000000706a00000, 0x0000000706a00000, 0x0000000706b00000|  0%| F|  |TAMS 0x0000000706a00000, 0x0000000706a00000| Untracked 
|  95|0x0000000706b00000, 0x0000000706b00000, 0x0000000706c00000|  0%| F|  |TAMS 0x0000000706b00000, 0x0000000706b00000| Untracked 
|  96|0x0000000706c00000, 0x0000000706c00000, 0x0000000706d00000|  0%| F|  |TAMS 0x0000000706c00000, 0x0000000706c00000| Untracked 
|  97|0x0000000706d00000, 0x0000000706d00000, 0x0000000706e00000|  0%| F|  |TAMS 0x0000000706d00000, 0x0000000706d00000| Untracked 
|  98|0x0000000706e00000, 0x0000000706e00000, 0x0000000706f00000|  0%| F|  |TAMS 0x0000000706e00000, 0x0000000706e00000| Untracked 
|  99|0x0000000706f00000, 0x0000000706f00000, 0x0000000707000000|  0%| F|  |TAMS 0x0000000706f00000, 0x0000000706f00000| Untracked 
| 100|0x0000000707000000, 0x0000000707000000, 0x0000000707100000|  0%| F|  |TAMS 0x0000000707000000, 0x0000000707000000| Untracked 
| 101|0x0000000707100000, 0x0000000707100000, 0x0000000707200000|  0%| F|  |TAMS 0x0000000707100000, 0x0000000707100000| Untracked 
| 102|0x0000000707200000, 0x0000000707200000, 0x0000000707300000|  0%| F|  |TAMS 0x0000000707200000, 0x0000000707200000| Untracked 
| 103|0x0000000707300000, 0x0000000707300000, 0x0000000707400000|  0%| F|  |TAMS 0x0000000707300000, 0x0000000707300000| Untracked 
| 104|0x0000000707400000, 0x0000000707400000, 0x0000000707500000|  0%| F|  |TAMS 0x0000000707400000, 0x0000000707400000| Untracked 
| 105|0x0000000707500000, 0x0000000707500000, 0x0000000707600000|  0%| F|  |TAMS 0x0000000707500000, 0x0000000707500000| Untracked 
| 106|0x0000000707600000, 0x0000000707600000, 0x0000000707700000|  0%| F|  |TAMS 0x0000000707600000, 0x0000000707600000| Untracked 
| 107|0x0000000707700000, 0x0000000707700000, 0x0000000707800000|  0%| F|  |TAMS 0x0000000707700000, 0x0000000707700000| Untracked 
| 108|0x0000000707800000, 0x0000000707800000, 0x0000000707900000|  0%| F|  |TAMS 0x0000000707800000, 0x0000000707800000| Untracked 
| 109|0x0000000707900000, 0x0000000707900000, 0x0000000707a00000|  0%| F|  |TAMS 0x0000000707900000, 0x0000000707900000| Untracked 
| 110|0x0000000707a00000, 0x0000000707a00000, 0x0000000707b00000|  0%| F|  |TAMS 0x0000000707a00000, 0x0000000707a00000| Untracked 
| 111|0x0000000707b00000, 0x0000000707b00000, 0x0000000707c00000|  0%| F|  |TAMS 0x0000000707b00000, 0x0000000707b00000| Untracked 
| 112|0x0000000707c00000, 0x0000000707c00000, 0x0000000707d00000|  0%| F|  |TAMS 0x0000000707c00000, 0x0000000707c00000| Untracked 
| 113|0x0000000707d00000, 0x0000000707d00000, 0x0000000707e00000|  0%| F|  |TAMS 0x0000000707d00000, 0x0000000707d00000| Untracked 
| 114|0x0000000707e00000, 0x0000000707e00000, 0x0000000707f00000|  0%| F|  |TAMS 0x0000000707e00000, 0x0000000707e00000| Untracked 
| 115|0x0000000707f00000, 0x0000000707f00000, 0x0000000708000000|  0%| F|  |TAMS 0x0000000707f00000, 0x0000000707f00000| Untracked 
| 116|0x0000000708000000, 0x0000000708000000, 0x0000000708100000|  0%| F|  |TAMS 0x0000000708000000, 0x0000000708000000| Untracked 
| 117|0x0000000708100000, 0x0000000708100000, 0x0000000708200000|  0%| F|  |TAMS 0x0000000708100000, 0x0000000708100000| Untracked 
| 118|0x0000000708200000, 0x0000000708200000, 0x0000000708300000|  0%| F|  |TAMS 0x0000000708200000, 0x0000000708200000| Untracked 
| 119|0x0000000708300000, 0x0000000708300000, 0x0000000708400000|  0%| F|  |TAMS 0x0000000708300000, 0x0000000708300000| Untracked 
| 120|0x0000000708400000, 0x0000000708400000, 0x0000000708500000|  0%| F|  |TAMS 0x0000000708400000, 0x0000000708400000| Untracked 
| 121|0x0000000708500000, 0x0000000708500000, 0x0000000708600000|  0%| F|  |TAMS 0x0000000708500000, 0x0000000708500000| Untracked 
| 122|0x0000000708600000, 0x0000000708600000, 0x0000000708700000|  0%| F|  |TAMS 0x0000000708600000, 0x0000000708600000| Untracked 
| 123|0x0000000708700000, 0x0000000708700000, 0x0000000708800000|  0%| F|  |TAMS 0x0000000708700000, 0x0000000708700000| Untracked 
| 124|0x0000000708800000, 0x0000000708800000, 0x0000000708900000|  0%| F|  |TAMS 0x0000000708800000, 0x0000000708800000| Untracked 
| 125|0x0000000708900000, 0x0000000708900000, 0x0000000708a00000|  0%| F|  |TAMS 0x0000000708900000, 0x0000000708900000| Untracked 
| 126|0x0000000708a00000, 0x0000000708a00000, 0x0000000708b00000|  0%| F|  |TAMS 0x0000000708a00000, 0x0000000708a00000| Untracked 
| 127|0x0000000708b00000, 0x0000000708b00000, 0x0000000708c00000|  0%| F|  |TAMS 0x0000000708b00000, 0x0000000708b00000| Untracked 
| 128|0x0000000708c00000, 0x0000000708c00000, 0x0000000708d00000|  0%| F|  |TAMS 0x0000000708c00000, 0x0000000708c00000| Untracked 
| 129|0x0000000708d00000, 0x0000000708d00000, 0x0000000708e00000|  0%| F|  |TAMS 0x0000000708d00000, 0x0000000708d00000| Untracked 
| 130|0x0000000708e00000, 0x0000000708e00000, 0x0000000708f00000|  0%| F|  |TAMS 0x0000000708e00000, 0x0000000708e00000| Untracked 
| 131|0x0000000708f00000, 0x0000000708f00000, 0x0000000709000000|  0%| F|  |TAMS 0x0000000708f00000, 0x0000000708f00000| Untracked 
| 132|0x0000000709000000, 0x0000000709000000, 0x0000000709100000|  0%| F|  |TAMS 0x0000000709000000, 0x0000000709000000| Untracked 
| 133|0x0000000709100000, 0x0000000709100000, 0x0000000709200000|  0%| F|  |TAMS 0x0000000709100000, 0x0000000709100000| Untracked 
| 134|0x0000000709200000, 0x0000000709200000, 0x0000000709300000|  0%| F|  |TAMS 0x0000000709200000, 0x0000000709200000| Untracked 
| 135|0x0000000709300000, 0x0000000709300000, 0x0000000709400000|  0%| F|  |TAMS 0x0000000709300000, 0x0000000709300000| Untracked 
| 136|0x0000000709400000, 0x0000000709400000, 0x0000000709500000|  0%| F|  |TAMS 0x0000000709400000, 0x0000000709400000| Untracked 
| 137|0x0000000709500000, 0x0000000709500000, 0x0000000709600000|  0%| F|  |TAMS 0x0000000709500000, 0x0000000709500000| Untracked 
| 138|0x0000000709600000, 0x0000000709600000, 0x0000000709700000|  0%| F|  |TAMS 0x0000000709600000, 0x0000000709600000| Untracked 
| 139|0x0000000709700000, 0x0000000709700000, 0x0000000709800000|  0%| F|  |TAMS 0x0000000709700000, 0x0000000709700000| Untracked 
| 140|0x0000000709800000, 0x0000000709800000, 0x0000000709900000|  0%| F|  |TAMS 0x0000000709800000, 0x0000000709800000| Untracked 
| 141|0x0000000709900000, 0x0000000709900000, 0x0000000709a00000|  0%| F|  |TAMS 0x0000000709900000, 0x0000000709900000| Untracked 
| 142|0x0000000709a00000, 0x0000000709a00000, 0x0000000709b00000|  0%| F|  |TAMS 0x0000000709a00000, 0x0000000709a00000| Untracked 
| 143|0x0000000709b00000, 0x0000000709b00000, 0x0000000709c00000|  0%| F|  |TAMS 0x0000000709b00000, 0x0000000709b00000| Untracked 
| 144|0x0000000709c00000, 0x0000000709c00000, 0x0000000709d00000|  0%| F|  |TAMS 0x0000000709c00000, 0x0000000709c00000| Untracked 
| 145|0x0000000709d00000, 0x0000000709d00000, 0x0000000709e00000|  0%| F|  |TAMS 0x0000000709d00000, 0x0000000709d00000| Untracked 
| 146|0x0000000709e00000, 0x0000000709e00000, 0x0000000709f00000|  0%| F|  |TAMS 0x0000000709e00000, 0x0000000709e00000| Untracked 
| 147|0x0000000709f00000, 0x0000000709f00000, 0x000000070a000000|  0%| F|  |TAMS 0x0000000709f00000, 0x0000000709f00000| Untracked 
| 148|0x000000070a000000, 0x000000070a000000, 0x000000070a100000|  0%| F|  |TAMS 0x000000070a000000, 0x000000070a000000| Untracked 
| 149|0x000000070a100000, 0x000000070a100000, 0x000000070a200000|  0%| F|  |TAMS 0x000000070a100000, 0x000000070a100000| Untracked 
| 150|0x000000070a200000, 0x000000070a200000, 0x000000070a300000|  0%| F|  |TAMS 0x000000070a200000, 0x000000070a200000| Untracked 
| 151|0x000000070a300000, 0x000000070a300000, 0x000000070a400000|  0%| F|  |TAMS 0x000000070a300000, 0x000000070a300000| Untracked 
| 152|0x000000070a400000, 0x000000070a400000, 0x000000070a500000|  0%| F|  |TAMS 0x000000070a400000, 0x000000070a400000| Untracked 
| 153|0x000000070a500000, 0x000000070a500000, 0x000000070a600000|  0%| F|  |TAMS 0x000000070a500000, 0x000000070a500000| Untracked 
| 154|0x000000070a600000, 0x000000070a600000, 0x000000070a700000|  0%| F|  |TAMS 0x000000070a600000, 0x000000070a600000| Untracked 
| 155|0x000000070a700000, 0x000000070a700000, 0x000000070a800000|  0%| F|  |TAMS 0x000000070a700000, 0x000000070a700000| Untracked 
| 156|0x000000070a800000, 0x000000070a800000, 0x000000070a900000|  0%| F|  |TAMS 0x000000070a800000, 0x000000070a800000| Untracked 
| 157|0x000000070a900000, 0x000000070a900000, 0x000000070aa00000|  0%| F|  |TAMS 0x000000070a900000, 0x000000070a900000| Untracked 
| 158|0x000000070aa00000, 0x000000070aa00000, 0x000000070ab00000|  0%| F|  |TAMS 0x000000070aa00000, 0x000000070aa00000| Untracked 
| 159|0x000000070ab00000, 0x000000070ab00000, 0x000000070ac00000|  0%| F|  |TAMS 0x000000070ab00000, 0x000000070ab00000| Untracked 
| 160|0x000000070ac00000, 0x000000070ac00000, 0x000000070ad00000|  0%| F|  |TAMS 0x000000070ac00000, 0x000000070ac00000| Untracked 
| 161|0x000000070ad00000, 0x000000070ad00000, 0x000000070ae00000|  0%| F|  |TAMS 0x000000070ad00000, 0x000000070ad00000| Untracked 
| 162|0x000000070ae00000, 0x000000070ae00000, 0x000000070af00000|  0%| F|  |TAMS 0x000000070ae00000, 0x000000070ae00000| Untracked 
| 163|0x000000070af00000, 0x000000070af00000, 0x000000070b000000|  0%| F|  |TAMS 0x000000070af00000, 0x000000070af00000| Untracked 
| 164|0x000000070b000000, 0x000000070b000000, 0x000000070b100000|  0%| F|  |TAMS 0x000000070b000000, 0x000000070b000000| Untracked 
| 165|0x000000070b100000, 0x000000070b100000, 0x000000070b200000|  0%| F|  |TAMS 0x000000070b100000, 0x000000070b100000| Untracked 
| 166|0x000000070b200000, 0x000000070b200000, 0x000000070b300000|  0%| F|  |TAMS 0x000000070b200000, 0x000000070b200000| Untracked 
| 167|0x000000070b300000, 0x000000070b300000, 0x000000070b400000|  0%| F|  |TAMS 0x000000070b300000, 0x000000070b300000| Untracked 
| 168|0x000000070b400000, 0x000000070b400000, 0x000000070b500000|  0%| F|  |TAMS 0x000000070b400000, 0x000000070b400000| Untracked 
| 169|0x000000070b500000, 0x000000070b500000, 0x000000070b600000|  0%| F|  |TAMS 0x000000070b500000, 0x000000070b500000| Untracked 
| 170|0x000000070b600000, 0x000000070b600000, 0x000000070b700000|  0%| F|  |TAMS 0x000000070b600000, 0x000000070b600000| Untracked 
| 171|0x000000070b700000, 0x000000070b700000, 0x000000070b800000|  0%| F|  |TAMS 0x000000070b700000, 0x000000070b700000| Untracked 
| 172|0x000000070b800000, 0x000000070b800000, 0x000000070b900000|  0%| F|  |TAMS 0x000000070b800000, 0x000000070b800000| Untracked 
| 173|0x000000070b900000, 0x000000070b900000, 0x000000070ba00000|  0%| F|  |TAMS 0x000000070b900000, 0x000000070b900000| Untracked 
| 174|0x000000070ba00000, 0x000000070ba00000, 0x000000070bb00000|  0%| F|  |TAMS 0x000000070ba00000, 0x000000070ba00000| Untracked 
| 175|0x000000070bb00000, 0x000000070bb00000, 0x000000070bc00000|  0%| F|  |TAMS 0x000000070bb00000, 0x000000070bb00000| Untracked 
| 176|0x000000070bc00000, 0x000000070bc00000, 0x000000070bd00000|  0%| F|  |TAMS 0x000000070bc00000, 0x000000070bc00000| Untracked 
| 177|0x000000070bd00000, 0x000000070bd00000, 0x000000070be00000|  0%| F|  |TAMS 0x000000070bd00000, 0x000000070bd00000| Untracked 
| 178|0x000000070be00000, 0x000000070be00000, 0x000000070bf00000|  0%| F|  |TAMS 0x000000070be00000, 0x000000070be00000| Untracked 
| 179|0x000000070bf00000, 0x000000070bf00000, 0x000000070c000000|  0%| F|  |TAMS 0x000000070bf00000, 0x000000070bf00000| Untracked 
| 180|0x000000070c000000, 0x000000070c000000, 0x000000070c100000|  0%| F|  |TAMS 0x000000070c000000, 0x000000070c000000| Untracked 
| 181|0x000000070c100000, 0x000000070c100000, 0x000000070c200000|  0%| F|  |TAMS 0x000000070c100000, 0x000000070c100000| Untracked 
| 182|0x000000070c200000, 0x000000070c200000, 0x000000070c300000|  0%| F|  |TAMS 0x000000070c200000, 0x000000070c200000| Untracked 
| 183|0x000000070c300000, 0x000000070c300000, 0x000000070c400000|  0%| F|  |TAMS 0x000000070c300000, 0x000000070c300000| Untracked 
| 184|0x000000070c400000, 0x000000070c400000, 0x000000070c500000|  0%| F|  |TAMS 0x000000070c400000, 0x000000070c400000| Untracked 
| 185|0x000000070c500000, 0x000000070c500000, 0x000000070c600000|  0%| F|  |TAMS 0x000000070c500000, 0x000000070c500000| Untracked 
| 186|0x000000070c600000, 0x000000070c600000, 0x000000070c700000|  0%| F|  |TAMS 0x000000070c600000, 0x000000070c600000| Untracked 
| 187|0x000000070c700000, 0x000000070c700000, 0x000000070c800000|  0%| F|  |TAMS 0x000000070c700000, 0x000000070c700000| Untracked 
| 188|0x000000070c800000, 0x000000070c800000, 0x000000070c900000|  0%| F|  |TAMS 0x000000070c800000, 0x000000070c800000| Untracked 
| 189|0x000000070c900000, 0x000000070c900000, 0x000000070ca00000|  0%| F|  |TAMS 0x000000070c900000, 0x000000070c900000| Untracked 
| 190|0x000000070ca00000, 0x000000070ca00000, 0x000000070cb00000|  0%| F|  |TAMS 0x000000070ca00000, 0x000000070ca00000| Untracked 
| 191|0x000000070cb00000, 0x000000070cb00000, 0x000000070cc00000|  0%| F|  |TAMS 0x000000070cb00000, 0x000000070cb00000| Untracked 
| 192|0x000000070cc00000, 0x000000070cc00000, 0x000000070cd00000|  0%| F|  |TAMS 0x000000070cc00000, 0x000000070cc00000| Untracked 
| 193|0x000000070cd00000, 0x000000070cd00000, 0x000000070ce00000|  0%| F|  |TAMS 0x000000070cd00000, 0x000000070cd00000| Untracked 
| 194|0x000000070ce00000, 0x000000070ce00000, 0x000000070cf00000|  0%| F|  |TAMS 0x000000070ce00000, 0x000000070ce00000| Untracked 
| 195|0x000000070cf00000, 0x000000070cf00000, 0x000000070d000000|  0%| F|  |TAMS 0x000000070cf00000, 0x000000070cf00000| Untracked 
| 196|0x000000070d000000, 0x000000070d000000, 0x000000070d100000|  0%| F|  |TAMS 0x000000070d000000, 0x000000070d000000| Untracked 
| 197|0x000000070d100000, 0x000000070d100000, 0x000000070d200000|  0%| F|  |TAMS 0x000000070d100000, 0x000000070d100000| Untracked 
| 198|0x000000070d200000, 0x000000070d200000, 0x000000070d300000|  0%| F|  |TAMS 0x000000070d200000, 0x000000070d200000| Untracked 
| 199|0x000000070d300000, 0x000000070d300000, 0x000000070d400000|  0%| F|  |TAMS 0x000000070d300000, 0x000000070d300000| Untracked 
| 200|0x000000070d400000, 0x000000070d400000, 0x000000070d500000|  0%| F|  |TAMS 0x000000070d400000, 0x000000070d400000| Untracked 
| 201|0x000000070d500000, 0x000000070d500000, 0x000000070d600000|  0%| F|  |TAMS 0x000000070d500000, 0x000000070d500000| Untracked 
| 202|0x000000070d600000, 0x000000070d600000, 0x000000070d700000|  0%| F|  |TAMS 0x000000070d600000, 0x000000070d600000| Untracked 
| 203|0x000000070d700000, 0x000000070d700000, 0x000000070d800000|  0%| F|  |TAMS 0x000000070d700000, 0x000000070d700000| Untracked 
| 204|0x000000070d800000, 0x000000070d800000, 0x000000070d900000|  0%| F|  |TAMS 0x000000070d800000, 0x000000070d800000| Untracked 
| 205|0x000000070d900000, 0x000000070d900000, 0x000000070da00000|  0%| F|  |TAMS 0x000000070d900000, 0x000000070d900000| Untracked 
| 206|0x000000070da00000, 0x000000070da00000, 0x000000070db00000|  0%| F|  |TAMS 0x000000070da00000, 0x000000070da00000| Untracked 
| 207|0x000000070db00000, 0x000000070db00000, 0x000000070dc00000|  0%| F|  |TAMS 0x000000070db00000, 0x000000070db00000| Untracked 
| 208|0x000000070dc00000, 0x000000070dc00000, 0x000000070dd00000|  0%| F|  |TAMS 0x000000070dc00000, 0x000000070dc00000| Untracked 
| 209|0x000000070dd00000, 0x000000070dd00000, 0x000000070de00000|  0%| F|  |TAMS 0x000000070dd00000, 0x000000070dd00000| Untracked 
| 210|0x000000070de00000, 0x000000070de00000, 0x000000070df00000|  0%| F|  |TAMS 0x000000070de00000, 0x000000070de00000| Untracked 
| 211|0x000000070df00000, 0x000000070df00000, 0x000000070e000000|  0%| F|  |TAMS 0x000000070df00000, 0x000000070df00000| Untracked 
| 212|0x000000070e000000, 0x000000070e000000, 0x000000070e100000|  0%| F|  |TAMS 0x000000070e000000, 0x000000070e000000| Untracked 
| 213|0x000000070e100000, 0x000000070e100000, 0x000000070e200000|  0%| F|  |TAMS 0x000000070e100000, 0x000000070e100000| Untracked 
| 214|0x000000070e200000, 0x000000070e200000, 0x000000070e300000|  0%| F|  |TAMS 0x000000070e200000, 0x000000070e200000| Untracked 
| 215|0x000000070e300000, 0x000000070e300000, 0x000000070e400000|  0%| F|  |TAMS 0x000000070e300000, 0x000000070e300000| Untracked 
| 216|0x000000070e400000, 0x000000070e400000, 0x000000070e500000|  0%| F|  |TAMS 0x000000070e400000, 0x000000070e400000| Untracked 
| 217|0x000000070e500000, 0x000000070e500000, 0x000000070e600000|  0%| F|  |TAMS 0x000000070e500000, 0x000000070e500000| Untracked 
| 218|0x000000070e600000, 0x000000070e600000, 0x000000070e700000|  0%| F|  |TAMS 0x000000070e600000, 0x000000070e600000| Untracked 
| 219|0x000000070e700000, 0x000000070e700000, 0x000000070e800000|  0%| F|  |TAMS 0x000000070e700000, 0x000000070e700000| Untracked 
| 220|0x000000070e800000, 0x000000070e800000, 0x000000070e900000|  0%| F|  |TAMS 0x000000070e800000, 0x000000070e800000| Untracked 
| 221|0x000000070e900000, 0x000000070e900000, 0x000000070ea00000|  0%| F|  |TAMS 0x000000070e900000, 0x000000070e900000| Untracked 
| 222|0x000000070ea00000, 0x000000070ea00000, 0x000000070eb00000|  0%| F|  |TAMS 0x000000070ea00000, 0x000000070ea00000| Untracked 
| 223|0x000000070eb00000, 0x000000070eb00000, 0x000000070ec00000|  0%| F|  |TAMS 0x000000070eb00000, 0x000000070eb00000| Untracked 
| 224|0x000000070ec00000, 0x000000070ec00000, 0x000000070ed00000|  0%| F|  |TAMS 0x000000070ec00000, 0x000000070ec00000| Untracked 
| 225|0x000000070ed00000, 0x000000070ed00000, 0x000000070ee00000|  0%| F|  |TAMS 0x000000070ed00000, 0x000000070ed00000| Untracked 
| 226|0x000000070ee00000, 0x000000070ee00000, 0x000000070ef00000|  0%| F|  |TAMS 0x000000070ee00000, 0x000000070ee00000| Untracked 
| 227|0x000000070ef00000, 0x000000070ef00000, 0x000000070f000000|  0%| F|  |TAMS 0x000000070ef00000, 0x000000070ef00000| Untracked 
| 228|0x000000070f000000, 0x000000070f000000, 0x000000070f100000|  0%| F|  |TAMS 0x000000070f000000, 0x000000070f000000| Untracked 
| 229|0x000000070f100000, 0x000000070f100000, 0x000000070f200000|  0%| F|  |TAMS 0x000000070f100000, 0x000000070f100000| Untracked 
| 230|0x000000070f200000, 0x000000070f200000, 0x000000070f300000|  0%| F|  |TAMS 0x000000070f200000, 0x000000070f200000| Untracked 
| 231|0x000000070f300000, 0x000000070f300000, 0x000000070f400000|  0%| F|  |TAMS 0x000000070f300000, 0x000000070f300000| Untracked 
| 232|0x000000070f400000, 0x000000070f400000, 0x000000070f500000|  0%| F|  |TAMS 0x000000070f400000, 0x000000070f400000| Untracked 
| 233|0x000000070f500000, 0x000000070f500000, 0x000000070f600000|  0%| F|  |TAMS 0x000000070f500000, 0x000000070f500000| Untracked 
| 234|0x000000070f600000, 0x000000070f600000, 0x000000070f700000|  0%| F|  |TAMS 0x000000070f600000, 0x000000070f600000| Untracked 
| 235|0x000000070f700000, 0x000000070f700000, 0x000000070f800000|  0%| F|  |TAMS 0x000000070f700000, 0x000000070f700000| Untracked 
| 236|0x000000070f800000, 0x000000070f800000, 0x000000070f900000|  0%| F|  |TAMS 0x000000070f800000, 0x000000070f800000| Untracked 
| 237|0x000000070f900000, 0x000000070f900000, 0x000000070fa00000|  0%| F|  |TAMS 0x000000070f900000, 0x000000070f900000| Untracked 
| 238|0x000000070fa00000, 0x000000070fa00000, 0x000000070fb00000|  0%| F|  |TAMS 0x000000070fa00000, 0x000000070fa00000| Untracked 
| 239|0x000000070fb00000, 0x000000070fb00000, 0x000000070fc00000|  0%| F|  |TAMS 0x000000070fb00000, 0x000000070fb00000| Untracked 
| 240|0x000000070fc00000, 0x000000070fc00000, 0x000000070fd00000|  0%| F|  |TAMS 0x000000070fc00000, 0x000000070fc00000| Untracked 
| 241|0x000000070fd00000, 0x000000070fd00000, 0x000000070fe00000|  0%| F|  |TAMS 0x000000070fd00000, 0x000000070fd00000| Untracked 
| 242|0x000000070fe00000, 0x000000070fe00000, 0x000000070ff00000|  0%| F|  |TAMS 0x000000070fe00000, 0x000000070fe00000| Untracked 
| 243|0x000000070ff00000, 0x000000070ff00000, 0x0000000710000000|  0%| F|  |TAMS 0x000000070ff00000, 0x000000070ff00000| Untracked 
| 244|0x0000000710000000, 0x0000000710000000, 0x0000000710100000|  0%| F|  |TAMS 0x0000000710000000, 0x0000000710000000| Untracked 
| 245|0x0000000710100000, 0x0000000710100000, 0x0000000710200000|  0%| F|  |TAMS 0x0000000710100000, 0x0000000710100000| Untracked 
| 246|0x0000000710200000, 0x0000000710200000, 0x0000000710300000|  0%| F|  |TAMS 0x0000000710200000, 0x0000000710200000| Untracked 
| 247|0x0000000710300000, 0x0000000710400000, 0x0000000710400000|100%| E|  |TAMS 0x0000000710300000, 0x0000000710300000| Complete 
| 248|0x0000000710400000, 0x0000000710500000, 0x0000000710500000|100%| E|CS|TAMS 0x0000000710400000, 0x0000000710400000| Complete 
| 249|0x0000000710500000, 0x0000000710600000, 0x0000000710600000|100%| E|CS|TAMS 0x0000000710500000, 0x0000000710500000| Complete 
| 250|0x0000000710600000, 0x0000000710700000, 0x0000000710700000|100%| E|CS|TAMS 0x0000000710600000, 0x0000000710600000| Complete 
| 251|0x0000000710700000, 0x0000000710800000, 0x0000000710800000|100%| E|CS|TAMS 0x0000000710700000, 0x0000000710700000| Complete 
| 252|0x0000000710800000, 0x0000000710900000, 0x0000000710900000|100%| E|CS|TAMS 0x0000000710800000, 0x0000000710800000| Complete 
| 253|0x0000000710900000, 0x0000000710a00000, 0x0000000710a00000|100%| E|CS|TAMS 0x0000000710900000, 0x0000000710900000| Complete 
| 254|0x0000000710a00000, 0x0000000710b00000, 0x0000000710b00000|100%| E|CS|TAMS 0x0000000710a00000, 0x0000000710a00000| Complete 
| 255|0x0000000710b00000, 0x0000000710c00000, 0x0000000710c00000|100%| E|CS|TAMS 0x0000000710b00000, 0x0000000710b00000| Complete 

Card table byte_map: [0x0000023237120000,0x0000023237920000] _byte_map_base: 0x000002323391a000

Marking Bits (Prev, Next): (CMBitMap*) 0x000002321e695388, (CMBitMap*) 0x000002321e6953c8
 Prev Bits: [0x0000023238120000, 0x000002323c0f0000)
 Next Bits: [0x000002323c0f0000, 0x00000232400c0000)

Polling page: 0x000002321cad0000

Metaspace:

Usage:
  Non-class:      7.13 MB capacity,     6.93 MB ( 97%) used,   174.34 KB (  2%) free+waste,    21.44 KB ( <1%) overhead. 
      Class:    984.00 KB capacity,   855.06 KB ( 87%) used,   114.94 KB ( 12%) free+waste,    14.00 KB (  1%) overhead. 
       Both:      8.09 MB capacity,     7.77 MB ( 96%) used,   289.27 KB (  3%) free+waste,    35.44 KB ( <1%) overhead. 

Virtual space:
  Non-class space:        8.00 MB reserved,       7.25 MB ( 91%) committed 
      Class space:        1.00 GB reserved,       1.00 MB ( <1%) committed 
             Both:        1.01 GB reserved,       8.25 MB ( <1%) committed 

Chunk freelists:
   Non-Class:  63.00 KB
       Class:  8.00 KB
        Both:  71.00 KB

MaxMetaspaceSize: 17179869184.00 GB
CompressedClassSpaceSize: 1.00 GB

CodeHeap 'non-profiled nmethods': size=120000Kb used=308Kb max_used=308Kb free=119691Kb
 bounds [0x000002322e610000, 0x000002322e880000, 0x0000023235b40000]
CodeHeap 'profiled nmethods': size=120000Kb used=1952Kb max_used=1952Kb free=118047Kb
 bounds [0x00000232270e0000, 0x0000023227350000, 0x000002322e610000]
CodeHeap 'non-nmethods': size=5760Kb used=1278Kb max_used=1295Kb free=4481Kb
 bounds [0x0000023226b40000, 0x0000023226db0000, 0x00000232270e0000]
 total_blobs=2005 nmethods=1031 adapters=469
 compilation: enabled
              stopped_count=0, restarted_count=0
 full_count=0

Compilation events (20 events):
Event: 2.867 Thread 0x0000023243702000 1024       1       java.awt.BufferCapabilities::getFlipContents (5 bytes)
Event: 2.867 Thread 0x0000023243702000 nmethod 1024 0x000002322e65c390 code [0x000002322e65c520, 0x000002322e65c658]
Event: 2.867 Thread 0x0000023243702000 1025       3       sun.java2d.d3d.D3DRenderQueue::flushNow (6 bytes)
Event: 2.867 Thread 0x0000023243702000 nmethod 1025 0x00000232272c6710 code [0x00000232272c68c0, 0x00000232272c6a70]
Event: 2.883 Thread 0x0000023243702000 1026       3       sun.awt.image.PixelConverter$Xrgb::rgbToPixel (2 bytes)
Event: 2.883 Thread 0x0000023243702000 nmethod 1026 0x00000232272c6b10 code [0x00000232272c6ca0, 0x00000232272c6e18]
Event: 2.883 Thread 0x0000023243702000 1027       1       sun.java2d.d3d.D3DVolatileSurfaceManager::isAccelerationEnabled (5 bytes)
Event: 2.883 Thread 0x0000023243702000 nmethod 1027 0x000002322e65c710 code [0x000002322e65c8a0, 0x000002322e65c9d8]
Event: 2.883 Thread 0x0000023243702000 1028       1       sun.java2d.d3d.D3DSurfaceData::getType (5 bytes)
Event: 2.883 Thread 0x0000023243702000 nmethod 1028 0x000002322e65ca90 code [0x000002322e65cc20, 0x000002322e65cd58]
Event: 2.900 Thread 0x0000023243702000 1029       3       java.awt.image.BufferedImage::getWidth (8 bytes)
Event: 2.900 Thread 0x0000023243702000 nmethod 1029 0x00000232272c6e90 code [0x00000232272c7040, 0x00000232272c71d8]
Event: 2.900 Thread 0x0000023243702000 1030       3       java.awt.image.BufferedImage::getHeight (8 bytes)
Event: 2.900 Thread 0x0000023243702000 nmethod 1030 0x00000232272c7290 code [0x00000232272c7440, 0x00000232272c75d8]
Event: 2.933 Thread 0x0000023243702000 1031       1       java.awt.Component::getBufferStrategy (5 bytes)
Event: 2.933 Thread 0x0000023243702000 nmethod 1031 0x000002322e65ce10 code [0x000002322e65cfa0, 0x000002322e65d0d8]
Event: 2.933 Thread 0x0000023243702000 1032       3       java.awt.Rectangle::<init> (9 bytes)
Event: 2.933 Thread 0x0000023243702000 nmethod 1032 0x00000232272c7690 code [0x00000232272c7840, 0x00000232272c7b58]
Event: 2.933 Thread 0x0000023243702000 1033       3       sun.java2d.loops.CompositeType::equals (29 bytes)
Event: 2.933 Thread 0x0000023243702000 nmethod 1033 0x00000232272c7c90 code [0x00000232272c7e40, 0x00000232272c8298]

GC Heap History (0 events):
No events

Deoptimization events (20 events):
Event: 1.806 Thread 0x0000023243ca9800 DEOPT PACKING pc=0x00000232272b53ca sp=0x0000004e1451ef40
Event: 1.806 Thread 0x0000023243ca9800 DEOPT UNPACKING pc=0x0000023226b8964e sp=0x0000004e1451e4b8 mode 0
Event: 1.806 Thread 0x0000023243ca9800 DEOPT PACKING pc=0x00000232272b53ca sp=0x0000004e1451ef40
Event: 1.806 Thread 0x0000023243ca9800 DEOPT UNPACKING pc=0x0000023226b8964e sp=0x0000004e1451e4b8 mode 0
Event: 1.807 Thread 0x0000023243ca9800 DEOPT PACKING pc=0x00000232272b53ca sp=0x0000004e1451ef40
Event: 1.807 Thread 0x0000023243ca9800 DEOPT UNPACKING pc=0x0000023226b8964e sp=0x0000004e1451e4b8 mode 0
Event: 1.807 Thread 0x0000023243ca9800 DEOPT PACKING pc=0x00000232272b53ca sp=0x0000004e1451ef40
Event: 1.807 Thread 0x0000023243ca9800 DEOPT UNPACKING pc=0x0000023226b8964e sp=0x0000004e1451e4b8 mode 0
Event: 1.808 Thread 0x0000023243ca9800 DEOPT PACKING pc=0x00000232272b53ca sp=0x0000004e1451ef40
Event: 1.808 Thread 0x0000023243ca9800 DEOPT UNPACKING pc=0x0000023226b8964e sp=0x0000004e1451e4b8 mode 0
Event: 1.808 Thread 0x0000023243ca9800 DEOPT PACKING pc=0x00000232272b53ca sp=0x0000004e1451ef40
Event: 1.808 Thread 0x0000023243ca9800 DEOPT UNPACKING pc=0x0000023226b8964e sp=0x0000004e1451e4b8 mode 0
Event: 1.809 Thread 0x0000023243ca9800 DEOPT PACKING pc=0x00000232272b53ca sp=0x0000004e1451ef40
Event: 1.809 Thread 0x0000023243ca9800 DEOPT UNPACKING pc=0x0000023226b8964e sp=0x0000004e1451e4b8 mode 0
Event: 1.810 Thread 0x0000023243ca9800 DEOPT PACKING pc=0x00000232272b53ca sp=0x0000004e1451ef40
Event: 1.810 Thread 0x0000023243ca9800 DEOPT UNPACKING pc=0x0000023226b8964e sp=0x0000004e1451e4b8 mode 0
Event: 1.810 Thread 0x0000023243ca9800 DEOPT PACKING pc=0x00000232272b53ca sp=0x0000004e1451ef40
Event: 1.810 Thread 0x0000023243ca9800 DEOPT UNPACKING pc=0x0000023226b8964e sp=0x0000004e1451e4b8 mode 0
Event: 1.811 Thread 0x0000023243ca9800 DEOPT PACKING pc=0x00000232272b53ca sp=0x0000004e1451ef40
Event: 1.811 Thread 0x0000023243ca9800 DEOPT UNPACKING pc=0x0000023226b8964e sp=0x0000004e1451e4b8 mode 0

Classes unloaded (0 events):
No events

Classes redefined (0 events):
No events

Internal exceptions (20 events):
Event: 0.113 Thread 0x000002321e627000 Exception <a 'java/lang/ClassNotFoundException'{0x0000000710a7a6e0}: sun/awt/resources/spi/awtProvider> (0x0000000710a7a6e0) 
thrown [t:/workspace/open/src/hotspot/share/classfile/systemDictionary.cpp, line 232]
Event: 0.132 Thread 0x000002321e627000 Exception <a 'java/io/FileNotFoundException'{0x0000000710ac9ce8}> (0x0000000710ac9ce8) 
thrown [t:/workspace/open/src/hotspot/share/prims/jni.cpp, line 598]
Event: 0.138 Thread 0x000002321e627000 Exception <a 'java/io/FileNotFoundException'{0x0000000710af0398}> (0x0000000710af0398) 
thrown [t:/workspace/open/src/hotspot/share/prims/jni.cpp, line 598]
Event: 0.182 Thread 0x0000023243a6c000 Exception <a 'java/lang/NoSuchMethodError'{0x00000007109802b0}: 'void java.lang.invoke.DirectMethodHandle$Holder.invokeSpecial(java.lang.Object, java.lang.Object)'> (0x00000007109802b0) 
thrown [t:/workspace/open/src/hotspot/share/interpreter/linkResolver.cpp, line 767]
Event: 0.418 Thread 0x000002321e627000 Exception <a 'java/lang/NoSuchMethodError'{0x000000071082af40}: 'java.lang.Object java.lang.invoke.DirectMethodHandle$Holder.invokeStatic(java.lang.Object, int, java.lang.Object, java.lang.Object, java.lang.Object, java.lang.Object)'> (0x000000071082af40) 
thrown [t:/workspace/open/src/hotspot/share/interpreter/linkResolver.cpp, line 767]
Event: 0.419 Thread 0x000002321e627000 Exception <a 'java/lang/NoSuchMethodError'{0x00000007108318a0}: 'java.lang.Object java.lang.invoke.DirectMethodHandle$Holder.invokeStatic(java.lang.Object, int, java.lang.Object, java.lang.Object, java.lang.Object)'> (0x00000007108318a0) 
thrown [t:/workspace/open/src/hotspot/share/interpreter/linkResolver.cpp, line 767]
Event: 0.419 Thread 0x000002321e627000 Exception <a 'java/lang/NoSuchMethodError'{0x0000000710835108}: 'java.lang.Object java.lang.invoke.DirectMethodHandle$Holder.invokeSpecial(java.lang.Object, java.lang.Object, int, java.lang.Object, java.lang.Object, java.lang.Object)'> (0x0000000710835108) 
thrown [t:/workspace/open/src/hotspot/share/interpreter/linkResolver.cpp, line 767]
Event: 0.421 Thread 0x000002321e627000 Exception <a 'java/lang/NoSuchMethodError'{0x000000071084b390}: 'java.lang.Object java.lang.invoke.DirectMethodHandle$Holder.invokeStatic(java.lang.Object, int, java.lang.Object)'> (0x000000071084b390) 
thrown [t:/workspace/open/src/hotspot/share/interpreter/linkResolver.cpp, line 767]
Event: 0.436 Thread 0x000002321e627000 Exception <a 'java/lang/ClassNotFoundException'{0x00000007108f1b48}: com/sun/swing/internal/plaf/metal/resources/spi/metalProvider> (0x00000007108f1b48) 
thrown [t:/workspace/open/src/hotspot/share/classfile/systemDictionary.cpp, line 232]
Event: 0.437 Thread 0x000002321e627000 Exception <a 'java/lang/ClassNotFoundException'{0x00000007108f5e50}: com/sun/swing/internal/plaf/basic/resources/spi/basicProvider> (0x00000007108f5e50) 
thrown [t:/workspace/open/src/hotspot/share/classfile/systemDictionary.cpp, line 232]
Event: 0.459 Thread 0x000002321e627000 Exception <a 'java/lang/NoSuchMethodError'{0x0000000710730710}: 'void java.lang.invoke.DirectMethodHandle$Holder.invokeStaticInit(java.lang.Object)'> (0x0000000710730710) 
thrown [t:/workspace/open/src/hotspot/share/interpreter/linkResolver.cpp, line 767]
Event: 0.495 Thread 0x000002321e627000 Exception <a 'java/lang/NoSuchMethodError'{0x0000000710601d88}: 'java.lang.Object java.lang.invoke.Invokers$Holder.linkToTargetMethod(java.lang.Object, int, java.lang.Object)'> (0x0000000710601d88) 
thrown [t:/workspace/open/src/hotspot/share/interpreter/linkResolver.cpp, line 767]
Event: 0.499 Thread 0x000002321e627000 Exception <a 'sun/nio/fs/WindowsException'{0x0000000710607300}> (0x0000000710607300) 
thrown [t:/workspace/open/src/hotspot/share/prims/jni.cpp, line 598]
Event: 0.545 Thread 0x000002321e627000 Exception <a 'sun/nio/fs/WindowsException'{0x000000071061c5a8}> (0x000000071061c5a8) 
thrown [t:/workspace/open/src/hotspot/share/prims/jni.cpp, line 598]
Event: 0.546 Thread 0x000002321e627000 Exception <a 'sun/nio/fs/WindowsException'{0x000000071061ef30}> (0x000000071061ef30) 
thrown [t:/workspace/open/src/hotspot/share/prims/jni.cpp, line 598]
Event: 0.547 Thread 0x000002321e627000 Exception <a 'sun/nio/fs/WindowsException'{0x0000000710621dd8}> (0x0000000710621dd8) 
thrown [t:/workspace/open/src/hotspot/share/prims/jni.cpp, line 598]
Event: 0.548 Thread 0x000002321e627000 Exception <a 'sun/nio/fs/WindowsException'{0x0000000710624ba0}> (0x0000000710624ba0) 
thrown [t:/workspace/open/src/hotspot/share/prims/jni.cpp, line 598]
Event: 0.548 Thread 0x000002321e627000 Exception <a 'sun/nio/fs/WindowsException'{0x00000007106275f8}> (0x00000007106275f8) 
thrown [t:/workspace/open/src/hotspot/share/prims/jni.cpp, line 598]
Event: 0.560 Thread 0x000002321e627000 Exception <a 'java/lang/NoSuchMethodError'{0x0000000710650e80}: 'java.lang.Object java.lang.invoke.DirectMethodHandle$Holder.invokeStaticInit(java.lang.Object, int, int, int, int)'> (0x0000000710650e80) 
thrown [t:/workspace/open/src/hotspot/share/interpreter/linkResolver.cpp, line 767]
Event: 0.754 Thread 0x000002321e627000 Exception <a 'java/lang/NoSuchMethodError'{0x000000071054bde8}: 'java.lang.Object java.lang.invoke.DirectMethodHandle$Holder.invokeStaticInit(java.lang.Object, java.lang.Object, int, int, int, int)'> (0x000000071054bde8) 
thrown [t:/workspace/open/src/hotspot/share/interpreter/linkResolver.cpp, line 767]

Events (20 events):
Event: 0.834 loading class sun/java2d/loops/MaskBlit$General done
Event: 1.799 Executing VM operation: RevokeBias
Event: 1.799 Executing VM operation: RevokeBias done
Event: 2.921 Executing VM operation: RevokeBias
Event: 2.921 Executing VM operation: RevokeBias done
Event: 2.921 Thread 0x00000232438bc800 Thread added: 0x00000232438bc800
Event: 2.921 Thread 0x00000232441d1800 Thread added: 0x00000232441d1800
Event: 2.921 Thread 0x00000232441d2000 Thread added: 0x00000232441d2000
Event: 2.921 Thread 0x00000232438bc800 Thread exited: 0x00000232438bc800
Event: 2.921 Executing VM operation: RevokeBias
Event: 2.921 Executing VM operation: RevokeBias done
Event: 2.921 Thread 0x00000232440da000 Thread exited: 0x00000232440da000
Event: 2.921 loading class java/util/WeakHashMap$KeyIterator
Event: 2.922 loading class java/util/WeakHashMap$HashIterator
Event: 2.922 loading class java/util/WeakHashMap$HashIterator done
Event: 2.922 loading class java/util/WeakHashMap$KeyIterator done
Event: 2.922 Thread 0x00000232441d2000 Thread exited: 0x00000232441d2000
Event: 2.943 Executing VM operation: RevokeBias
Event: 2.943 Executing VM operation: RevokeBias done
Event: 2.943 Thread 0x0000023243a6c000 Thread exited: 0x0000023243a6c000


Dynamic libraries:
0x00007ff641d50000 - 0x00007ff641d5f000 	C:\Program Files\Java\jdk-13.0.2\bin\javaw.exe
0x00007fffc7210000 - 0x00007fffc7404000 	C:\WINDOWS\SYSTEM32\ntdll.dll
0x00007fffc6850000 - 0x00007fffc690d000 	C:\WINDOWS\System32\KERNEL32.DLL
0x00007fffc4d40000 - 0x00007fffc5007000 	C:\WINDOWS\System32\KERNELBASE.dll
0x00007fffc4a10000 - 0x00007fffc4b10000 	C:\WINDOWS\System32\ucrtbase.dll
0x00007fffb3600000 - 0x00007fffb3615000 	C:\Program Files\Java\jdk-13.0.2\bin\VCRUNTIME140.dll
0x00007fffb35e0000 - 0x00007fffb35f8000 	C:\Program Files\Java\jdk-13.0.2\bin\jli.dll
0x00007fffc6ff0000 - 0x00007fffc709a000 	C:\WINDOWS\System32\ADVAPI32.dll
0x00007fffc7130000 - 0x00007fffc71ce000 	C:\WINDOWS\System32\msvcrt.dll
0x00007fffc52b0000 - 0x00007fffc534b000 	C:\WINDOWS\System32\sechost.dll
0x00007fffc55f0000 - 0x00007fffc5713000 	C:\WINDOWS\System32\RPCRT4.dll
0x00007fffc6280000 - 0x00007fffc6420000 	C:\WINDOWS\System32\USER32.dll
0x00007fffc4960000 - 0x00007fffc4982000 	C:\WINDOWS\System32\win32u.dll
0x00007fffb4e70000 - 0x00007fffb510a000 	C:\WINDOWS\WinSxS\amd64_microsoft.windows.common-controls_6595b64144ccf1df_6.0.19041.1_none_b555e41d4684ddec\COMCTL32.dll
0x00007fffc5350000 - 0x00007fffc537a000 	C:\WINDOWS\System32\GDI32.dll
0x00007fffc4c30000 - 0x00007fffc4d3a000 	C:\WINDOWS\System32\gdi32full.dll
0x00007fffc4b40000 - 0x00007fffc4bdd000 	C:\WINDOWS\System32\msvcp_win.dll
0x00007fffbd1a0000 - 0x00007fffbd1aa000 	C:\WINDOWS\SYSTEM32\VERSION.dll
0x00007fffc5280000 - 0x00007fffc52b0000 	C:\WINDOWS\System32\IMM32.DLL
0x00007fff8b040000 - 0x00007fff8b0db000 	C:\Program Files\Java\jdk-13.0.2\bin\msvcp140.dll
0x00007fff77e50000 - 0x00007fff789ad000 	C:\Program Files\Java\jdk-13.0.2\bin\server\jvm.dll
0x00007fffc5380000 - 0x00007fffc5388000 	C:\WINDOWS\System32\PSAPI.DLL
0x00007fffba150000 - 0x00007fffba177000 	C:\WINDOWS\SYSTEM32\WINMM.dll
0x00007fffc2350000 - 0x00007fffc2359000 	C:\WINDOWS\SYSTEM32\WSOCK32.dll
0x00007fffc5720000 - 0x00007fffc578b000 	C:\WINDOWS\System32\WS2_32.dll
0x00007fffc2830000 - 0x00007fffc2843000 	C:\WINDOWS\SYSTEM32\kernel.appcore.dll
0x00007fffbd540000 - 0x00007fffbd550000 	C:\Program Files\Java\jdk-13.0.2\bin\verify.dll
0x00007fffacef0000 - 0x00007fffad0d4000 	C:\WINDOWS\SYSTEM32\DBGHELP.DLL
0x00007fffaa960000 - 0x00007fffaa98c000 	C:\WINDOWS\SYSTEM32\dbgcore.DLL
0x00007fffc4990000 - 0x00007fffc4a0f000 	C:\WINDOWS\System32\bcryptPrimitives.dll
0x00007fff96050000 - 0x00007fff96076000 	C:\Program Files\Java\jdk-13.0.2\bin\java.dll
0x00007fffb3da0000 - 0x00007fffb3db7000 	C:\Program Files\Java\jdk-13.0.2\bin\zip.dll
0x00007fffbd4b0000 - 0x00007fffbd4ba000 	C:\Program Files\Java\jdk-13.0.2\bin\jimage.dll
0x00007fffc5790000 - 0x00007fffc5ec4000 	C:\WINDOWS\System32\SHELL32.dll
0x00007fffc2b10000 - 0x00007fffc329e000 	C:\WINDOWS\SYSTEM32\windows.storage.dll
0x00007fffc64d0000 - 0x00007fffc6823000 	C:\WINDOWS\System32\combase.dll
0x00007fffc4370000 - 0x00007fffc439b000 	C:\WINDOWS\SYSTEM32\Wldp.dll
0x00007fffc5460000 - 0x00007fffc550e000 	C:\WINDOWS\System32\SHCORE.dll
0x00007fffc6eb0000 - 0x00007fffc6f05000 	C:\WINDOWS\System32\shlwapi.dll
0x00007fffc48a0000 - 0x00007fffc48bf000 	C:\WINDOWS\SYSTEM32\profapi.dll
0x00007fffb0920000 - 0x00007fffb0939000 	C:\Program Files\Java\jdk-13.0.2\bin\net.dll
0x00007fffbd9c0000 - 0x00007fffbdac0000 	C:\WINDOWS\SYSTEM32\WINHTTP.dll
0x00007fffc4090000 - 0x00007fffc40fa000 	C:\WINDOWS\system32\mswsock.dll
0x00007fffa9560000 - 0x00007fffa9573000 	C:\Program Files\Java\jdk-13.0.2\bin\nio.dll
0x00007fff82dc0000 - 0x00007fff82f59000 	C:\Program Files\Java\jdk-13.0.2\bin\awt.dll
0x00007fffc5390000 - 0x00007fffc545d000 	C:\WINDOWS\System32\OLEAUT32.dll
0x00007fffc23a0000 - 0x00007fffc2430000 	C:\WINDOWS\SYSTEM32\apphelp.dll
0x00007fffc2800000 - 0x00007fffc282e000 	C:\WINDOWS\system32\DWMAPI.DLL
0x00007fffc2450000 - 0x00007fffc24ef000 	C:\WINDOWS\system32\uxtheme.dll
0x00007fff9a1a0000 - 0x00007fff9a2fc000 	C:\WINDOWS\system32\opengl32.dll
0x00007fffa95a0000 - 0x00007fffa95cc000 	C:\WINDOWS\SYSTEM32\GLU32.dll
0x00007fffc5fb0000 - 0x00007fffc60c5000 	C:\WINDOWS\System32\MSCTF.dll
0x00007fffc6910000 - 0x00007fffc6a39000 	C:\WINDOWS\System32\ole32.dll
0x00007fffc50c0000 - 0x00007fffc521d000 	C:\WINDOWS\System32\crypt32.dll
0x00007fffba1c0000 - 0x00007fffba1f1000 	C:\WINDOWS\SYSTEM32\cryptnet.dll
0x00007fffc4260000 - 0x00007fffc426c000 	C:\WINDOWS\SYSTEM32\cryptbase.dll
0x00007fffc5220000 - 0x00007fffc5280000 	C:\WINDOWS\System32\WINTRUST.DLL
0x00007fffc44f0000 - 0x00007fffc4502000 	C:\WINDOWS\SYSTEM32\MSASN1.dll
0x00007fffc5ed0000 - 0x00007fffc5eed000 	C:\WINDOWS\System32\imagehlp.dll
0x00007fffc4270000 - 0x00007fffc4288000 	C:\WINDOWS\SYSTEM32\CRYPTSP.dll
0x00007fffc3a20000 - 0x00007fffc3a54000 	C:\WINDOWS\system32\rsaenh.dll
0x00007fffc4b10000 - 0x00007fffc4b37000 	C:\WINDOWS\System32\bcrypt.dll
0x00007fffaa550000 - 0x00007fffaa807000 	C:\WINDOWS\system32\nvspcap64.dll
0x00007fffc36d0000 - 0x00007fffc3703000 	C:\WINDOWS\SYSTEM32\ntmarta.dll
0x00007fffc32b0000 - 0x00007fffc32d3000 	C:\WINDOWS\SYSTEM32\gpapi.dll
0x00007fffbba20000 - 0x00007fffbba5b000 	C:\WINDOWS\SYSTEM32\dxcore.dll
0x00007fffc4be0000 - 0x00007fffc4c2d000 	C:\WINDOWS\System32\cfgmgr32.dll
0x00007fff8afb0000 - 0x00007fff8b032000 	C:\Program Files\Java\jdk-13.0.2\bin\freetype.dll
0x00007fff85640000 - 0x00007fff856e6000 	C:\Program Files\Java\jdk-13.0.2\bin\fontmanager.dll
0x00007fffbc2e0000 - 0x00007fffbc3dc000 	C:\WINDOWS\SYSTEM32\textinputframework.dll
0x00007fffc1ee0000 - 0x00007fffc223a000 	C:\WINDOWS\System32\CoreUIComponents.dll
0x00007fffc1de0000 - 0x00007fffc1ed2000 	C:\WINDOWS\System32\CoreMessaging.dll
0x00007fffc1680000 - 0x00007fffc17d6000 	C:\WINDOWS\SYSTEM32\wintypes.dll
0x00007fffc4860000 - 0x00007fffc488e000 	C:\WINDOWS\SYSTEM32\USERENV.dll
0x00007fffc3d80000 - 0x00007fffc3dbb000 	C:\WINDOWS\SYSTEM32\IPHLPAPI.DLL
0x00007fffc6830000 - 0x00007fffc6839000 	C:\WINDOWS\System32\NSI.dll
0x00007fffbe8e0000 - 0x00007fffbe8f7000 	C:\WINDOWS\SYSTEM32\dhcpcsvc6.DLL
0x00007fffbe850000 - 0x00007fffbe86d000 	C:\WINDOWS\SYSTEM32\dhcpcsvc.DLL
0x00007fffc3dd0000 - 0x00007fffc3e9a000 	C:\WINDOWS\SYSTEM32\DNSAPI.dll

dbghelp: loaded successfully - version: 4.0.5 - missing functions: none
symbol engine: initialized successfully - sym options: 0x614 - pdb path: .;C:\Program Files\Java\jdk-13.0.2\bin;C:\WINDOWS\SYSTEM32;C:\WINDOWS\WinSxS\amd64_microsoft.windows.common-controls_6595b64144ccf1df_6.0.19041.1_none_b555e41d4684ddec;C:\Program Files\Java\jdk-13.0.2\bin\server;C:\WINDOWS\System32\DriverStore\FileRepository\nv_dispi.inf_amd64_d5216eae94436d77

VM Arguments:
jvm_args: -Dfile.encoding=Cp1252 --module-path=C:\Users\alanb\eclipse-workspace\game0132\bin -Djdk.module.main=game0132 
java_command: game0132/com.abstudios.main.Game
java_class_path (initial): <not set>
Launcher Type: SUN_STANDARD

[Global flags]
     intx CICompilerCount                          = 4                                         {product} {ergonomic}
     uint ConcGCThreads                            = 3                                         {product} {ergonomic}
     uint G1ConcRefinementThreads                  = 10                                        {product} {ergonomic}
   size_t G1HeapRegionSize                         = 1048576                                   {product} {ergonomic}
    uintx GCDrainStackTargetSize                   = 64                                        {product} {ergonomic}
   size_t InitialHeapSize                          = 268435456                                 {product} {ergonomic}
   size_t MarkStackSize                            = 4194304                                   {product} {ergonomic}
   size_t MaxHeapSize                              = 4282384384                                {product} {ergonomic}
   size_t MaxNewSize                               = 2569011200                                {product} {ergonomic}
   size_t MinHeapDeltaBytes                        = 1048576                                   {product} {ergonomic}
   size_t MinHeapSize                              = 8388608                                   {product} {ergonomic}
    uintx NonNMethodCodeHeapSize                   = 5839372                                {pd product} {ergonomic}
    uintx NonProfiledCodeHeapSize                  = 122909434                              {pd product} {ergonomic}
    uintx ProfiledCodeHeapSize                     = 122909434                              {pd product} {ergonomic}
    uintx ReservedCodeCacheSize                    = 251658240                              {pd product} {ergonomic}
     bool SegmentedCodeCache                       = true                                      {product} {ergonomic}
   size_t SoftMaxHeapSize                          = 4282384384                             {manageable} {ergonomic}
     bool UseCompressedClassPointers               = true                                 {lp64_product} {ergonomic}
     bool UseCompressedOops                        = true                                 {lp64_product} {ergonomic}
     bool UseG1GC                                  = true                                      {product} {ergonomic}
     bool UseLargePagesIndividualAllocation        = false                                  {pd product} {ergonomic}

Logging:
Log output configuration:
 #0: stdout all=warning uptime,level,tags
 #1: stderr all=off uptime,level,tags

Environment Variables:
PATH=C:/Program Files/Java/jdk-13.0.2/bin/server;C:/Program Files/Java/jdk-13.0.2/bin;C:\Program Files (x86)\Common Files\Oracle\Java\javapath;C:\Windows\system32;C:\Windows;C:\Windows\System32\Wbem;C:\Windows\System32\WindowsPowerShell\v1.0\;C:\Windows\System32\OpenSSH\;C:\Program Files\NVIDIA Corporation\NVIDIA NvDLISR;C:\Program Files\dotnet\;C:\Program Files\Microsoft SQL Server\130\Tools\Binn\;C:\Program Files\Microsoft SQL Server\Client SDK\ODBC\170\Tools\Binn\;C:\Program Files (x86)\NVIDIA Corporation\PhysX\Common;C:\Program Files\nodejs\;C:\ProgramData\chocolatey\bin;;%SystemRoot%\system32;%SystemRoot%;%SystemRoot%\System32\Wbem;%SYSTEMROOT%\System32\WindowsPowerShell\v1.0\;%SYSTEMROOT%\System32\OpenSSH\;C:\Users\alanb\AppData\Local\Microsoft\WindowsApps;C:\Users\alanb\AppData\Roaming\npm;C:\Users\alanb\AppData\Local\Programs\Microsoft VS Code\bin;;C:\Users\alanb\Desktop;
USERNAME=alanb
OS=Windows_NT
PROCESSOR_IDENTIFIER=AMD64 Family 23 Model 8 Stepping 2, AuthenticAMD



---------------  S Y S T E M  ---------------

OS: Windows 10 , 64 bit Build 19041 (10.0.19041.292)

CPU:total 12 (initial active 12) (12 cores per cpu, 2 threads per core) family 23 model 8 stepping 2, cmov, cx8, fxsr, mmx, sse, sse2, sse3, ssse3, sse4.1, sse4.2, popcnt, avx, avx2, aes, clmul, mmxext, 3dnowpref, lzcnt, sse4a, ht, tsc, tscinvbit, tscinv, bmi1, bmi2, adx, sha, fma

Memory: 4k page, system-wide physical 16335M (8372M free)
TotalPageFile size 27087M (AvailPageFile size 11695M)
current process WorkingSet (physical memory assigned to process): 69M, peak: 78M
current process commit charge ("private bytes"): 397M, peak: 404M

vm_info: Java HotSpot(TM) 64-Bit Server VM (13.0.2+8) for windows-amd64 JRE (13.0.2+8), built on Dec 11 2019 09:20:33 by "mach5one" with unknown MS VC++:1916

END.
